{
  "RSpec": {
    "coverage": {
      "/Users/Katie/Documents/school/scrabble/lib/scrabble.rb": [
        1,
        null,
        1,
        null,
        null,
        null,
        null,
        null,
        null,
        null,
        null,
        null,
        1,
        28,
        null,
        28,
        122,
        854,
        122,
        null,
        null,
        null,
        28,
        null,
        null,
        1,
        1,
        1,
        1,
        null,
        1,
        1,
        null,
        0,
        null,
        null,
        null,
        1,
        3,
        3,
        15,
        null,
        3,
        null,
        3,
        null,
        3,
        2,
        null,
        1,
        null,
        null,
        null,
        1,
        4,
        1,
        null,
        null,
        1,
        22,
        null,
        null
      ]
    },
    "timestamp": 1411507120
  }
}
