{
  "RSpec": {
    "coverage": {
      "/Users/Katie/Documents/school/scrabble_game/lib/scrabble/scrabble.rb": [
        1,
        null,
        1,
        null,
        null,
        null,
        null,
        null,
        null,
        null,
        null,
        null,
        1,
        237,
        null,
        237,
        1334,
        9338,
        1334,
        null,
        null,
        null,
        237,
        null,
        null,
        1,
        5,
        5,
        5,
        null,
        5,
        5,
        null,
        0,
        null,
        null,
        null,
        1,
        3,
        3,
        15,
        null,
        3,
        3,
        null,
        3,
        2,
        null,
        1,
        null,
        null,
        null,
        1,
        4,
        1,
        null,
        null,
        1,
        48,
        null,
        null
      ],
      "/Users/Katie/Documents/school/scrabble_game/lib/scrabble/player.rb": [
        1,
        1,
        null,
        1,
        14,
        14,
        null,
        null,
        1,
        1,
        1,
        null,
        null,
        1,
        56,
        55,
        null,
        null,
        1,
        60,
        245,
        60,
        null,
        null,
        1,
        58,
        null,
        null,
        1,
        4,
        null,
        null,
        1,
        2,
        null,
        null,
        null,
        null
      ],
      "/Users/Katie/Documents/school/scrabble_game/lib/scrabble/tilebag.rb": [
        1,
        1,
        null,
        1,
        6,
        null,
        null,
        null,
        null,
        1,
        4,
        23,
        4,
        null,
        null,
        1,
        19,
        19,
        19,
        19,
        19,
        null,
        0,
        null,
        null,
        null,
        1,
        2,
        54,
        2,
        null,
        null,
        null,
        null,
        null
      ]
    },
    "timestamp": 1411531734
  }
}
